<?xml version="1.0" encoding="UTF-8"?>
<!-- Generated by org.testng.reporters.JUnitXMLReporter -->
<testsuite ignored="0" hostname="FILT111" failures="0" tests="4" name="Invalid Username Valid Password" time="114.675" errors="0" timestamp="2023-07-24T14:45:58 IST">
  <testcase classname="Frontend_Testcases.LoginValidations" name="blankUsernameBlankPassword" time="15.899"/>
  <testcase classname="Frontend_Testcases.LoginValidations" name="validUsernameInvalidPassword" time="24.375"/>
  <testcase classname="Frontend_Testcases.LoginValidations" name="invalidUsernameValidPassword" time="22.657"/>
  <testcase classname="Frontend_Testcases.LoginValidations" name="validUsernameValidPassword" time="51.641"/>
</testsuite> <!-- Invalid Username Valid Password -->
