<?xml version="1.0" encoding="UTF-8"?>
<!-- Generated by org.testng.reporters.JUnitXMLReporter -->
<testsuite ignored="0" hostname="FILT111" failures="0" tests="1" name="Logout" time="0.042" errors="0" timestamp="2023-07-18T17:53:15 IST">
  <testcase classname="TestBase.JohnsonBase" name="@BeforeSuite beforeSuite" time="0.264">
    <failure type="java.lang.NullPointerException" message="Cannot invoke &amp;quot;com.aventstack.extentreports.ExtentTest.log(com.aventstack.extentreports.Status, String)&amp;quot; because &amp;quot;this.test&amp;quot; is null">
      <![CDATA[java.lang.NullPointerException: Cannot invoke "com.aventstack.extentreports.ExtentTest.log(com.aventstack.extentreports.Status, String)" because "this.test" is null
at TestBase.JohnsonBase.beforeSuite(JohnsonBase.java:37)
... Removed 19 stack frames]]>
    </failure>
  </testcase> <!-- @BeforeSuite beforeSuite -->
  <testcase classname="TestBase.JohnsonBase" name="@AfterTest afterTest" time="-1.689682995838E9">
    <skipped/>
  </testcase> <!-- @AfterTest afterTest -->
  <testcase classname="Frontend_Testcases.Logout" name="logout" time="0.0">
    <skipped/>
  </testcase> <!-- logout -->
</testsuite> <!-- Logout -->
