<?xml version="1.0" encoding="UTF-8"?>
<!-- Generated by org.testng.reporters.JUnitXMLReporter -->
<testsuite ignored="2" hostname="FILT111" failures="0" tests="1" name="Search Product Valid" time="18.788" errors="0" timestamp="2023-07-31T11:46:40 IST">
  <testcase classname="Frontend_Testcases.SearchProduct" name="searchProductInvalid" time="18.63"/>
  <testcase classname="Frontend_Testcases.SearchProduct" name="searchProduct" time="0.0">
    <ignored/>
  </testcase> <!-- searchProduct -->
  <testcase classname="Frontend_Testcases.SearchProduct" name="searchProductValid" time="0.0">
    <ignored/>
  </testcase> <!-- searchProductValid -->
</testsuite> <!-- Search Product Valid -->
