<?xml version="1.0" encoding="UTF-8"?>
<!-- Generated by org.testng.reporters.JUnitXMLReporter -->
<testsuite ignored="2" hostname="FILT111" failures="0" tests="1" name="Search Product Invalid" time="13.599" errors="0" timestamp="2023-07-31T11:46:53 IST">
  <testcase classname="Frontend_Testcases.SearchProduct" name="searchProductValid" time="13.404"/>
  <testcase classname="Frontend_Testcases.SearchProduct" name="searchProductInvalid" time="0.0">
    <ignored/>
  </testcase> <!-- searchProductInvalid -->
  <testcase classname="Frontend_Testcases.SearchProduct" name="searchProduct" time="0.0">
    <ignored/>
  </testcase> <!-- searchProduct -->
</testsuite> <!-- Search Product Invalid -->
